Arguments: 
  /home/ganam/.nvm/versions/node/v16.17.1/bin/node /usr/share/yarn/bin/yarn.js add --dev nodemon ts-node

PATH: 
  /home/ganam/.nvm/versions/node/v16.17.1/bin:/home/ganam/.local/bin:/home/ganam/bin:/usr/local/sbin:/usr/local/bin:/usr/sbin:/usr/bin:/sbin:/bin:/usr/games:/usr/local/games:/snap/bin

Yarn version: 
  1.22.19

Node version: 
  16.17.1

Platform: 
  linux x64

Trace: 
  Error: ENOTEMPTY: directory not empty, rmdir '/media/ganam/728BA8B6158029C6/Projects/tests/udacity/a1/node_modules/sharp/build/Release'

npm manifest: 
  {
    "name": "assignment1",
    "version": "1.0.0",
    "description": "udacity advanced web development assignment1",
    "main": "index.js",
    "scripts": {
      "jasmine": "jasmine",
      "build": "npx tsc",
      "test": "npm run build && npm run jasmine",
      "start": "npm run build && nodemon ./src/index.ts"
    },
    "devDependencies": {
      "@types/express": "^4.17.14",
      "@types/jasmine": "^3.6.3",
      "@types/node": "^14.18.32",
      "nodemon": "^2.0.20",
      "ts-node": "^9.0.0",
      "typescript": "^4.0.5"
    },
    "dependencies": {
      "@types/sharp": "^0.31.0",
      "express": "^4.18.2",
      "jasmine": "^3.6.4",
      "jasmine-spec-reporter": "^6.0.0",
      "sharp": "^0.31.1"
    },
    "author": "",
    "license": "ISC"
  }

yarn manifest: 
  No manifest

Lockfile: 
  No lockfile
